<?xml version="1.0" encoding="UTF-8"?>
<!-- Generated by org.testng.reporters.JUnitReportReporter -->
<testsuite hostname="Ankush" failures="0" tests="1" name="TestCases.BaseClass" time="38.222" errors="0" timestamp="2022-09-17T22:46:15 IST" skipped="0">
  <testcase classname="TestCases.BaseClass" name="loginToApplication" time="38.222"/>
  <system-out/>
</testsuite> <!-- TestCases.BaseClass -->
