<?xml version="1.0" encoding="UTF-8"?>
<!-- Generated by org.testng.reporters.JUnitReportReporter -->
<testsuite hostname="Ankush" failures="0" tests="2" name="TestCases.TestCase1" time="18.130" errors="0" timestamp="2022-09-21T18:11:52 IST" skipped="0">
  <testcase classname="TestCases.TestCase1" name="loginToApplication" time="10.434"/>
  <system-out/>
  <testcase classname="TestCases.TestCase1" name="Employyee" time="7.696"/>
  <system-out/>
</testsuite> <!-- TestCases.TestCase1 -->
